0 info it worked if it ends with ok
1 verbose cli [ 'C:\\Program Files\\nodejs\\node.exe',
1 verbose cli   'C:\\Program Files\\nodejs\\node_modules\\npm\\bin\\npm-cli.js',
1 verbose cli   'run',
1 verbose cli   'gulp' ]
2 info using npm@3.10.10
3 info using node@v6.10.3
4 verbose run-script [ 'pregulp', 'gulp', 'postgulp' ]
5 info lifecycle frontend-nanodegree-mobile-portfolio@1.0.0~pregulp: frontend-nanodegree-mobile-portfolio@1.0.0
6 silly lifecycle frontend-nanodegree-mobile-portfolio@1.0.0~pregulp: no script for pregulp, continuing
7 info lifecycle frontend-nanodegree-mobile-portfolio@1.0.0~gulp: frontend-nanodegree-mobile-portfolio@1.0.0
8 verbose lifecycle frontend-nanodegree-mobile-portfolio@1.0.0~gulp: unsafe-perm in lifecycle true
9 verbose lifecycle frontend-nanodegree-mobile-portfolio@1.0.0~gulp: PATH: C:\Program Files\nodejs\node_modules\npm\bin\node-gyp-bin;C:\Users\Vinicius\Documents\GitHub\frontend-nanodegree-mobile-portfolio\node_modules\.bin;C:\Users\Vinicius\bin;C:\Program Files\Git\mingw64\bin;C:\Program Files\Git\usr\local\bin;C:\Program Files\Git\usr\bin;C:\Program Files\Git\usr\bin;C:\Program Files\Git\mingw64\bin;C:\Program Files\Git\usr\bin;C:\Users\Vinicius\bin;C:\ProgramData\Oracle\Java\javapath;C:\WINDOWS\system32;C:\WINDOWS;C:\WINDOWS\System32\Wbem;C:\WINDOWS\System32\WindowsPowerShell\v1.0;C:\Program Files\Git\cmd;C:\Users\Vinicius\AppData\Local\Microsoft\WindowsApps;C:\Users\Vinicius\AppData\Roaming\npm;C:\adb;C:\WINDOWS\system32;C:\WINDOWS;C:\WINDOWS\System32\Wbem;C:\WINDOWS\System32\WindowsPowerShell\v1.0;C:\Program Files\nodejs;C:\Users\Vinicius\AppData\Local\Microsoft\WindowsApps;C:\Users\Vinicius\AppData\Roaming\npm;C:\Program Files\Git\usr\bin\vendor_perl;C:\Program Files\Git\usr\bin\core_perl
10 verbose lifecycle frontend-nanodegree-mobile-portfolio@1.0.0~gulp: CWD: C:\Users\Vinicius\Documents\GitHub\frontend-nanodegree-mobile-portfolio
11 silly lifecycle frontend-nanodegree-mobile-portfolio@1.0.0~gulp: Args: [ '/d /s /c', 'gulp' ]
12 silly lifecycle frontend-nanodegree-mobile-portfolio@1.0.0~gulp: Returned: code: 1  signal: null
13 info lifecycle frontend-nanodegree-mobile-portfolio@1.0.0~gulp: Failed to exec gulp script
14 verbose stack Error: frontend-nanodegree-mobile-portfolio@1.0.0 gulp: `gulp`
14 verbose stack Exit status 1
14 verbose stack     at EventEmitter.<anonymous> (C:\Program Files\nodejs\node_modules\npm\lib\utils\lifecycle.js:255:16)
14 verbose stack     at emitTwo (events.js:106:13)
14 verbose stack     at EventEmitter.emit (events.js:191:7)
14 verbose stack     at ChildProcess.<anonymous> (C:\Program Files\nodejs\node_modules\npm\lib\utils\spawn.js:40:14)
14 verbose stack     at emitTwo (events.js:106:13)
14 verbose stack     at ChildProcess.emit (events.js:191:7)
14 verbose stack     at maybeClose (internal/child_process.js:886:16)
14 verbose stack     at Process.ChildProcess._handle.onexit (internal/child_process.js:226:5)
15 verbose pkgid frontend-nanodegree-mobile-portfolio@1.0.0
16 verbose cwd C:\Users\Vinicius\Documents\GitHub\frontend-nanodegree-mobile-portfolio
17 error Windows_NT 10.0.15063
18 error argv "C:\\Program Files\\nodejs\\node.exe" "C:\\Program Files\\nodejs\\node_modules\\npm\\bin\\npm-cli.js" "run" "gulp"
19 error node v6.10.3
20 error npm  v3.10.10
21 error code ELIFECYCLE
22 error frontend-nanodegree-mobile-portfolio@1.0.0 gulp: `gulp`
22 error Exit status 1
23 error Failed at the frontend-nanodegree-mobile-portfolio@1.0.0 gulp script 'gulp'.
23 error Make sure you have the latest version of node.js and npm installed.
23 error If you do, this is most likely a problem with the frontend-nanodegree-mobile-portfolio package,
23 error not with npm itself.
23 error Tell the author that this fails on your system:
23 error     gulp
23 error You can get information on how to open an issue for this project with:
23 error     npm bugs frontend-nanodegree-mobile-portfolio
23 error Or if that isn't available, you can get their info via:
23 error     npm owner ls frontend-nanodegree-mobile-portfolio
23 error There is likely additional logging output above.
24 verbose exit [ 1, true ]
